TN:
SF:/home/raghav/node/test/social-cops-app/index.js
FN:67,(anonymous_1)
FNF:1
FNH:1
FNDA:1,(anonymous_1)
DA:4,1
DA:5,1
DA:6,1
DA:7,1
DA:8,1
DA:13,1
DA:14,1
DA:18,1
DA:22,1
DA:26,1
DA:27,1
DA:35,1
DA:39,1
DA:46,1
DA:47,1
DA:51,1
DA:55,1
DA:58,1
DA:63,1
DA:67,1
DA:70,0
LF:21
LH:20
BRDA:26,0,0,1
BRDA:26,0,1,0
BRF:2
BRH:1
end_of_record
TN:
SF:/home/raghav/node/test/social-cops-app/app/routes.js
FNF:0
FNH:0
DA:3,1
DA:5,1
DA:6,1
DA:7,1
DA:8,1
DA:9,1
DA:13,1
DA:15,1
DA:18,1
DA:21,1
DA:26,1
DA:27,1
DA:28,1
DA:29,1
DA:34,1
DA:37,0
LF:16
LH:15
BRF:0
BRH:0
end_of_record
TN:
SF:/home/raghav/node/test/social-cops-app/app/controllers/imgThumb.js
FN:18,ImgThumb
FN:66,(anonymous_9)
FN:70,(anonymous_10)
FN:97,(anonymous_11)
FN:101,(anonymous_12)
FN:108,(anonymous_13)
FN:116,(anonymous_14)
FN:120,(anonymous_15)
FN:124,(anonymous_16)
FN:143,(anonymous_17)
FNF:10
FNH:8
FNDA:1,ImgThumb
FNDA:1,(anonymous_9)
FNDA:1,(anonymous_10)
FNDA:228,(anonymous_11)
FNDA:1,(anonymous_12)
FNDA:1,(anonymous_13)
FNDA:1,(anonymous_14)
FNDA:1,(anonymous_15)
FNDA:0,(anonymous_16)
FNDA:0,(anonymous_17)
DA:3,1
DA:4,1
DA:5,1
DA:6,1
DA:7,1
DA:8,1
DA:9,1
DA:10,1
DA:12,1
DA:13,1
DA:14,1
DA:18,1
DA:20,1
DA:22,1
DA:29,0
DA:30,0
DA:37,1
DA:39,1
DA:46,1
DA:48,1
DA:49,0
DA:56,1
DA:57,0
DA:66,1
DA:68,1
DA:70,1
DA:71,1
DA:73,1
DA:74,0
DA:75,0
DA:83,1
DA:84,1
DA:85,0
DA:86,0
DA:97,1
DA:98,228
DA:101,1
DA:103,1
DA:105,1
DA:107,1
DA:108,1
DA:109,1
DA:111,1
DA:117,1
DA:119,1
DA:120,1
DA:121,1
DA:122,1
DA:124,1
DA:125,0
DA:144,0
DA:153,0
DA:154,0
LF:53
LH:41
BRDA:48,0,0,0
BRDA:48,0,1,1
BRDA:56,1,0,0
BRDA:56,1,1,1
BRDA:73,2,0,0
BRDA:73,2,1,1
BRDA:84,3,0,0
BRDA:84,3,1,1
BRDA:103,4,0,1
BRDA:103,4,1,0
BRDA:109,5,0,0
BRDA:109,5,1,1
BRDA:117,6,0,0
BRDA:117,6,1,1
BRF:14
BRH:7
end_of_record
TN:
SF:/home/raghav/node/test/social-cops-app/app/controllers/jsonPatch.js
FN:12,JsonPatch
FNF:1
FNH:1
FNDA:1,JsonPatch
DA:3,1
DA:4,1
DA:6,1
DA:7,1
DA:8,1
DA:12,1
DA:14,1
DA:16,1
DA:23,0
DA:24,0
DA:31,1
DA:33,1
DA:34,1
DA:36,1
DA:37,0
DA:45,1
DA:47,1
DA:50,0
DA:51,0
LF:19
LH:14
BRDA:36,0,0,0
BRDA:36,0,1,1
BRDA:36,1,0,1
BRDA:36,1,1,1
BRF:4
BRH:3
end_of_record
TN:
SF:/home/raghav/node/test/social-cops-app/app/controllers/login.js
FN:12,Login
FNF:1
FNH:1
FNDA:1,Login
DA:3,1
DA:4,1
DA:6,1
DA:7,1
DA:8,1
DA:12,1
DA:14,1
DA:16,1
DA:23,0
DA:24,0
DA:31,3
DA:33,3
DA:34,3
DA:36,3
DA:37,0
DA:45,3
DA:51,3
DA:57,0
DA:58,0
LF:19
LH:14
BRDA:36,0,0,0
BRDA:36,0,1,3
BRDA:36,1,0,3
BRDA:36,1,1,3
BRF:4
BRH:3
end_of_record
TN:
SF:/home/raghav/node/test/social-cops-app/app/controllers/root.js
FN:11,Root
FNF:1
FNH:1
FNDA:1,Root
DA:3,1
DA:5,1
DA:6,1
DA:7,1
DA:11,1
DA:13,1
DA:15,1
DA:24,0
DA:31,1
DA:33,1
DA:36,0
DA:37,0
DA:44,1
DA:46,1
DA:49,0
DA:50,0
LF:16
LH:11
BRF:0
BRH:0
end_of_record
TN:
SF:/home/raghav/node/test/social-cops-app/app/helpers/methods.js
FN:5,isExist
FN:32,ErrorHandler
FNF:2
FNH:1
FNDA:12,isExist
FNDA:0,ErrorHandler
DA:1,1
DA:2,1
DA:5,1
DA:7,12
DA:9,12
DA:17,0
DA:20,12
DA:24,0
DA:32,0
DA:33,0
DA:37,0
LF:11
LH:6
BRDA:9,0,0,0
BRDA:9,0,1,12
BRDA:10,1,0,12
BRDA:10,1,1,12
BRDA:10,1,2,12
BRDA:10,1,3,12
BRDA:10,1,4,12
BRDA:10,1,5,0
BRDA:10,1,6,12
BRDA:10,1,7,3
BRDA:15,2,0,0
BRDA:15,2,1,12
BRF:12
BRH:9
end_of_record
TN:
SF:/home/raghav/node/test/social-cops-app/app/helpers/middlewares.js
FN:57,(anonymous_11)
FNF:1
FNH:1
FNDA:2,(anonymous_11)
DA:3,1
DA:4,1
DA:6,1
DA:13,0
DA:15,0
DA:17,0
DA:25,0
DA:29,0
DA:36,7
DA:41,5
DA:47,2
DA:50,2
DA:53,2
DA:58,2
DA:59,0
DA:67,2
DA:74,0
DA:83,0
LF:18
LH:10
BRDA:15,0,0,0
BRDA:15,0,1,0
BRDA:15,1,0,0
BRDA:15,1,1,0
BRDA:15,1,2,0
BRDA:50,2,0,2
BRDA:50,2,1,0
BRDA:50,3,0,2
BRDA:50,3,1,2
BRDA:58,4,0,0
BRDA:58,4,1,2
BRF:11
BRH:4
end_of_record
